1$[-1, 750, 1587, 1197, 1592, 1133, 1596, 1069, -2]$9$[0.0012507255828188035, 0.002528751860415277, 0.0019849848459289852, 0.00246936089721979, 0.000681207225671071, 0.0016105559842643548, 0.00041850083225664867, 0.0005656016730398273]$0.011509688901614759
2$[-1, 750, 1587, 1197, 1592, 1133, 1596, 1069, -2]$9$[0.0012507255828188035, 0.0025419086474783286, 0.0019639473586352168, 0.002463988741921275, 0.000658920777408829, 0.0016029903469832315, 0.0003976590478902707, 0.0005656016730398273]$0.011445742176175782
3$[-1, 750, 1587, 1197, 1592, 1133, 1596, 1069, -2]$9$[0.0012507255828188035, 0.002555236006590748, 0.0019428998687088098, 0.0024587614470873943, 0.0006366739787382737, 0.0015956957660236775, 0.0003772954221491475, 0.0005656016730398273]$0.011382889745156681
4$[-1, 750, 1587, 1197, 1592, 1133, 1596, 1069, -2]$9$[0.0012507255828188035, 0.0025687306519106786, 0.001921842386974818, 0.0024536801941548152, 0.0006144717818118359, 0.0015886762248742215, 0.00035749195931895954, 0.0005656016730398273]$0.011321220454903958
5$[-1, 750, 1587, 1197, 1592, 1133, 1596, 1069, -2]$9$[0.0012507255828188035, 0.002582389333066021, 0.001900774924409112, 0.0024487461483327882, 0.0005923198702678394, 0.001581935635058913, 0.0003383473274248667, 0.0005656016730398273]$0.01126084049441817
6$[-1, 750, 1587, 1197, 1592, 1133, 1596, 1069, -2]$9$[0.0012507255828188035, 0.0025962088362947253, 0.0018796974922849754, 0.0024439604577571722, 0.0005702247966922857, 0.001575477827626005, 0.00031998010956637353, 0.0005656016730398273]$0.01120187677608017
7$[-1, 750, 1587, 1197, 1592, 1133, 1596, 1069, -2]$9$[0.0012507255828188035, 0.0026101859855063, 0.0018586101020572517, 0.002439324252476128, 0.0005481941518628112, 0.0015693065445577048, 0.00030253225148897146, 0.0005656016730398273]$0.011144480543807797
8$[-1, 750, 1587, 1197, 1592, 1133, 1596, 1069, -2]$9$[0.0012507255828188035, 0.0026243176432081427, 0.001837512765453482, 0.002434838643748614, 0.0005262367738352803, 0.0015634254300599414, 0.0002861722928029364, 0.0005656016730398273]$0.011088830804967026
9$[-1, 750, 1587, 1197, 1592, 1133, 1596, 1069, -2]$9$[0.0012507255828188035, 0.0026386007113872287, 0.0018164054944574425, 0.0024305047230992476, 0.0005043630081632434, 0.001557838021968242, 0.00027109760272276106, 0.0005656016730398273]$0.011035136817656796
10$[-1, 750, 1587, 1197, 1592, 1133, 1596, 1069, -2]$9$[0.0012507255828188035, 0.002653032132184781, 0.0017952883013160538, 0.002426323561387566, 0.0004825850338304901, 0.0015525477430691945, 0.00025753433293488237, 0.0005656016730398273]$0.0109836383605816
11$[-1, 750, 1587, 1197, 1592, 1133, 1596, 1069, -2]$9$[0.0012507255828188035, 0.0026676088885588985, 0.0017741611985726035, 0.00242229620810324, 0.0004609172744476148, 0.0015475578924214859, 0.00024573324451868437, 0.0005656016730398273]$0.010934601962481158
12$[-1, 750, 1587, 1197, 1592, 1133, 1596, 1069, -2]$9$[0.0012507255828188035, 0.002682328004896489, 0.0017530241990460292, 0.002418423690417304, 0.0004393769202380955, 0.001542871636915748, 0.00023595925530853735, 0.0005656016730398273]$0.010888310962680834
13$[-1, 750, 1587, 1197, 1592, 1133, 1596, 1069, -2]$9$[0.0012507255828188035, 0.002697186547410028, 0.001731877315916168, 0.0024147070123227226, 0.00041798459577899915, 0.0015384920028283582, 0.0002284730463208325, 0.0005656016730398273]$0.010845047776435739
14$[-1, 750, 1587, 1197, 1592, 1133, 1596, 1069, -2]$9$[0.0012507255828188035, 0.0027121816245677995, 0.0017107205626949351, 0.0024111471538261877, 0.0003967652196610449, 0.0015344218678335797, 0.00022350499854489837, 0.0005656016730398273]$0.010805068682987076
15$[-1, 750, 1586, 749, 1592, 1133, 1596, 1069, -2]$9$[0.0012507255828188035, 0.0020465436450445235, 0.0012835876386427321, 0.002819822924513111, 0.00037574911911276624, 0.0015306639528379247, 0.00022122520169142178, 0.0005656016730398273]$0.010093919737701112
16$[-1, 750, 1586, 749, 1592, 1133, 1596, 1069, -2]$9$[0.0012507255828188035, 0.002068292157799388, 0.0012704352195918157, 0.002839466684010723, 0.0003549734834282446, 0.0015272208145906154, 0.00022171696208289922, 0.0005656016730398273]$0.010098432577362317
17$[-1, 750, 1586, 749, 1592, 1133, 1596, 1069, -2]$9$[0.0015936876736940026, 0.002090103288442476, 0.0012577380473570525, 0.002859213723710139, 0.00033448426927864514, 0.0015240948382041549, 0.0002249624569974284, 0.00030500650766381146]$0.01018929080534771
18$[-1, 750, 1586, 749, 1592, 1133, 1596, 1069, -2]$9$[0.0015936876736940026, 0.0021119743247299703, 0.0012455088074333908, 0.0028790613547028223, 0.000314338706453202, 0.0015212882303849116, 0.00023084590585610622, 0.00030500650766381146]$0.010201711510918218
19$[-1, 750, 1585, 749, 1592, 1133, 1596, 1069, -2]$9$[0.0015936876736940026, 0.0021251681619456524, 0.0009306684501805965, 0.0028990069505965646, 0.00029460859499381173, 0.0015188030129583687, 0.00023917303042509487, 0.00030500650766381146]$0.009906122382457904
20$[-1, 750, 1585, 749, 1592, 1133, 1596, 1069, -2]$9$[0.0015936876736940026, 0.002148789646736543, 0.0009190496767876978, 0.002919047946261401, 0.0002753846261159741, 0.001516641016793974, 0.00024969976762991746, 0.00030500650766381146]$0.00992730686168332
21$[-1, 750, 1585, 749, 1592, 1133, 1596, 1069, -2]$9$[0.0015936876736940026, 0.002172430332333666, 0.0009080995007098641, 0.002939181836667871, 0.00025678197886439967, 0.0015148038765035233, 0.0002621615597999196, 0.00030500650766381146]$0.009952153266237058
22$[-1, 750, 1585, 749, 1592, 1133, 1596, 1069, -2]$9$[0.0015936876736940026, 0.002196088853549464, 0.0008978406591749119, 0.0029594061755816186, 0.0002389473946286348, 0.001513293025371646, 0.0002762969567244081, 0.00030500650766381146]$0.009980567246388499
23$[-1, 750, 1585, 749, 1592, 1133, 1596, 1069, -2]$9$[0.0015936876736940026, 0.0022197639027087828, 0.000888295358791453, 0.0029797185743380456, 0.00022206770224562957, 0.0015121096911654812, 0.0002918631296329547, 0.00030500650766381146]$0.010012512540240163
24$[-1, 750, 1587, 1197, 1593, 812, 1596, 1069, -2]$9$[0.0015936876736940026, 0.002869036303421364, 0.0014986134307963454, 0.0034944866582695675, 0.00026096714780265165, 0.0010809000989980713, 0.00030864389251403527, 0.00030500650766381146]$0.011411341713159849
25$[-1, 750, 1587, 1197, 1593, 812, 1596, 1069, -2]$9$[0.0015936876736940026, 0.0028853546877870674, 0.0014773491173139827, 0.0034963509333674914, 0.00028860187493452504, 0.0010922039406161426, 0.00032645219740589217, 0.00030500650766381146]$0.011465006932782915
26$[-1, 750, 1587, 1197, 1593, 812, 1596, 1069, -2]$9$[0.0015936876736940026, 0.0029017782544407604, 0.0014560751311160217, 0.0034983229560714736, 0.0003166015140729715, 0.0011041740638226792, 0.00034512920551334946, 0.00030500650766381146]$0.011520775306395071
27$[-1, 750, 1587, 1197, 1593, 812, 1596, 1069, -2]$9$[0.0015936876736940026, 0.0029183046674188, 0.001434791492613129, 0.0035004027194364337, 0.00034487354866829856, 0.0011167879118702386, 0.000364541589579386, 0.00030500650766381146]$0.0115783961109441
28$[-1, 750, 1587, 1197, 1593, 812, 1597, 1069, -2]$9$[0.0015936876736940026, 0.002934931632200932, 0.0014134982230442424, 0.00350259020653316, 0.00037335272500522727, 0.0016848645039624405, 0.00031150742586470877, 0.00030500650766381146]$0.012119438897968527
29$[-1, 750, 1587, 1197, 1593, 812, 1597, 1069, -2]$9$[0.0015936876736940026, 0.0029516568953848643, 0.0013921953445287408, 0.0035048853905138414, 0.0004019918768057293, 0.001697181202680293, 0.0003201168187608647, 0.00030500650766381146]$0.01216672171003215
30$[-1, 750, 1587, 1197, 1593, 812, 1597, 1069, -2]$9$[0.0015936876736940026, 0.0029684782442656312, 0.0013708828801511656, 0.003507288234539209, 0.00043075615696629393, 0.0017099049645347704, 0.0003303443523461648, 0.00030500650766381146]$0.012216349014161047
31$[-1, 750, 1587, 1197, 1593, 812, 1597, 1069, -2]$9$[0.0015936876736940026, 0.0029853935064061334, 0.0013495608539922964, 0.003509798691978065, 0.00045961931214652594, 0.001723026027619064, 0.0003420450849650413, 0.00030500650766381146]$0.01226813765846494
32$[-1, 750, 1587, 1197, 1593, 812, 1597, 1069, -2]$9$[0.0015936876736940026, 0.003002400549270303, 0.0013282292912527424, 0.0035124167062495185, 0.0004885612156578399, 0.0017365346464259352, 0.0003550735763689238, 0.00030500650766381146]$0.012321910166583079
33$[-1, 750, 1587, 1197, 1593, 812, 1597, 876, -2]$9$[0.0019572193280487644, 0.003019497279690249, 0.0013068882183426777, 0.0035151422110896217, 0.0005175661947171231, 0.0017504211129318271, 0.000363550717824215, 0.0002828627770743084]$0.012713147839718787
34$[-1, 750, 1587, 1197, 1593, 812, 1597, 876, -2]$9$[0.0019572193280487644, 0.0030366816434013147, 0.0012855376629608028, 0.0035179751304552052, 0.0005466218724473935, 0.0017646757763885637, 0.000343112838815191, 0.0002828627770743084]$0.01273468702959154
35$[-1, 750, 1587, 1197, 1593, 812, 1597, 876, -2]$9$[0.0019572193280487644, 0.0030539516245957758, 0.0012641776541625826, 0.003520915378643046, 0.0005757183501185915, 0.0017792890611390347, 0.00032406588202664764, 0.0002828627770743084]$0.01275820005580875
36$[-1, 750, 1587, 1197, 1593, 812, 1597, 876, -2]$9$[0.0019572193280487644, 0.003071305245376265, 0.0012428082225837145, 0.003523962860358136, 0.0006048476197288848, 0.0017942514831831636, 0.0003066661545897763, 0.0002828627770743084]$0.012783923690943012
37$[-1, 750, 1587, 1197, 1593, 812, 1597, 876, -2]$9$[0.0019572193280487644, 0.0030887405652527296, 0.0012214294004888797, 0.0035271174707827203, 0.0006340031348901191, 0.0018095536650061018, 0.000291205935001898, 0.0002828627770743084]$0.012812132276545521
38$[-1, 750, 1587, 1197, 1593, 812, 1597, 876, -2]$9$[0.0019572193280487644, 0.0031062556806755637, 0.0012000412219273285, 0.003530379095568645, 0.0006631794927799343, 0.0018251863488519533, 0.00027800568666014883, 0.0002828627770743084]$0.012843129631586646
39$[-1, 750, 1587, 1197, 1593, 812, 1597, 876, -2]$9$[0.0019572193280487644, 0.0031238487243377033, 0.00117864372293481, 0.0035337476110694458, 0.0006923721952834734, 0.0018411404086276046, 0.0002673968730126397, 0.0002828627770743084]$0.012877231640388748
40$[-1, 750, 1587, 1197, 1593, 812, 1597, 876, -2]$9$[0.0019572193280487644, 0.003141517864867491, 0.0011572369416664174, 0.0035372228842473962, 0.0007215774673326687, 0.0018574068604126231, 0.00025969372368317217, 0.0002828627770743084]$0.012914737847332842
41$[-1, 750, 1587, 1197, 1593, 812, 1596, 876, -2]$9$[0.0019572193280487644, 0.0031592613060640435, 0.001135820918644186, 0.003540804772930538, 0.0007507921170411912, 0.0013487068688217477, 0.00032129043648536517, 0.0002828627770743084]$0.012496758525110143
42$[-1, 750, 1587, 1197, 1593, 812, 1596, 876, -2]$9$[0.0019572193280487644, 0.0031770772864647386, 0.0011143956969275623, 0.003544493125709917, 0.0007800134269715166, 0.0013684214862327287, 0.00031136264904238015, 0.0002828627770743084]$0.012535845776471915
43$[-1, 750, 1587, 1197, 1593, 812, 1596, 876, -2]$9$[0.0019572193280487644, 0.0031949640787949027, 0.0010929613224418097, 0.0035482877821756435, 0.0008092390689081523, 0.0013884622008447226, 0.00030398167103270194, 0.0002828627770743084]$0.012577978229321005
44$[-1, 750, 1587, 1197, 1593, 812, 1596, 876, -2]$9$[0.0019572193280487644, 0.003212919989295476, 0.0010715178441632314, 0.003552188572979135, 0.0008384670360079646, 0.0014088141671458184, 0.0002993328521484523, 0.0002828627770743084]$0.012623322566863148
45$[-1, 750, 1587, 1197, 1593, 812, 1596, 876, -2]$9$[0.0019572193280487644, 0.0032309433573342746, 0.0010500653145109713, 0.0035561953199106603, 0.0008676955889570314, 0.0014294631734606809, 0.0002975411470509246, 0.0002828627770743084]$0.012671986006347615
46$[-1, 750, 1587, 1197, 1593, 812, 1596, 876, -2]$9$[0.0019572193280487644, 0.0032490325546903026, 0.0010286037897053104, 0.003560307835951228, 0.0008969232122615694, 0.0014503956271601798, 0.0002986548492566476, 0.0002828627770743084]$0.012723999974148312
47$[-1, 750, 1587, 1197, 1593, 812, 1596, 876, -2]$9$[0.0019572193280487644, 0.0032671859850798937, 0.0010071333301134133, 0.0035645259254998116, 0.0009261485790377209, 0.0014715985382040785, 0.00030263878522244196, 0.0002828627770743084]$0.012779313248280431
48$[-1, 750, 1587, 1197, 1592, 812, 1596, 876, -2]$9$[0.0019572193280487644, 0.0032854020835565278, 0.0009856540007310555, 0.0023884748594589517, 0.00027075355396537204, 0.0014930595009367883, 0.00030937905253317993, 0.0002828627770743084]$0.010972805156304949
49$[-1, 749, 1592, 812, 1596, 876, -2]$7$[0.0008406641410091268, 0.003532124411882489, 0.00024189311354058053, 0.0015147666748923788, 0.0003186978550079106, 0.0003442583413221629]$0.006792404537654648
50$[-1, 749, 1592, 812, 1596, 876, -2]$7$[0.0008406641410091268, 0.0035540900407858224, 0.0002131920138604285, 0.0015367087648207511, 0.00033037420447967194, 0.0003442583413221629]$0.006819287506277964
51$[-1, 749, 1592, 812, 1596, 876, -2]$7$[0.0008406641410091268, 0.0035760956024284397, 0.00018471760941136028, 0.0015588750000603345, 0.00034416547751495337, 0.0003442583413221629]$0.006848776171746377
52$[-1, 749, 1592, 812, 1596, 876, -2]$7$[0.0008406641410091268, 0.0035981399018863262, 0.00015658542003214022, 0.0015812551139726097, 0.00035982593170158126, 0.0003442583413221629]$0.006880728849923948
53$[-1, 749, 1592, 812, 1596, 876, -2]$7$[0.0008406641410091268, 0.0036202217717273997, 0.00012900953230332162, 0.001603839322974954, 0.00037712024691275966, 0.0003442583413221629]$0.006915113356249725
54$[-1, 749, 1592, 812, 1596, 876, -2]$7$[0.0008406641410091268, 0.003642340071375038, 0.00010242761467665411, 0.0016266183060342917, 0.0003958319073396331, 0.0003442583413221629]$0.006952140381756906
55$[-1, 749, 1592, 812, 1595, 876, -2]$7$[0.0008406641410091268, 0.0036644936864093187, 7.784782152126561e-05, 0.0014765985638007435, 0.000565180018597054, 0.0003442583413221629]$0.006969042572659672
56$[-1, 749, 1592, 812, 1595, 876, -2]$7$[0.0008406641410091268, 0.0036866815278849534, 5.7857365558875575e-05, 0.0014864648133040867, 0.00053597717556888, 0.0003442583413221629]$0.006951903364648086
57$[-1, 749, 1592, 812, 1595, 876, -2]$7$[0.0008406641410091268, 0.003708902531727957, 4.848092134517321e-05, 0.0014968199778804528, 0.0005067915217502354, 0.0003442583413221629]$0.006945917435035108
58$[-1, 749, 1592, 812, 1595, 876, -2]$7$[0.0008406641410091268, 0.0037311556579433794, 5.537564922397676e-05, 0.0015076531094804972, 0.00047762423772019976, 0.0003442583413221629]$0.006956731136699343
59$[-1, 749, 1592, 812, 1595, 876, -2]$7$[0.0008406641410091268, 0.003753439890201867, 7.411519731078223e-05, 0.001518953112586638, 0.0004484768027794302, 0.0003442583413221629]$0.006979907485210007
60$[-1, 749, 1587, 1197, 1595, 876, -2]$7$[0.0008406641410091268, 0.00227950606917408, 0.0007272432080156114, 0.003489154968048192, 0.0004193510983115931, 0.0003442583413221629]$0.008100177825880767
61$[-1, 749, 1587, 1197, 1595, 876, -2]$7$[0.0008406641410091268, 0.0022852390319464335, 0.000705657981904348, 0.0034861039291526033, 0.00039024955683861006, 0.0003442583413221629]$0.008052172982173285
62$[-1, 749, 1587, 1197, 1595, 876, -2]$7$[0.0008406641410091268, 0.002291244427344564, 0.000684065781037201, 0.0034831620860644704, 0.00036117538281755005, 0.0003442583413221629]$0.008004570159595076
63$[-1, 749, 1587, 1197, 1595, 876, -2]$7$[0.0008406641410091268, 0.002297519424716591, 0.0006624668796858142, 0.0034803298985213067, 0.00033213288820053, 0.0003442583413221629]$0.00795737157345553
64$[-1, 749, 1587, 1197, 1595, 876, -2]$7$[0.0008406641410091268, 0.0023040611284989897, 0.0006408615882033119, 0.0034776078172517955, 0.00030312801934166076, 0.0003442583413221629]$0.007910581035627048
65$[-1, 749, 1587, 1197, 1595, 876, -2]$7$[0.0008771752363748991, 0.0023108665824551427, 0.0006192502593642971, 0.003474996283806907, 0.0002741692149489992, 0.0007707136378352407]$0.008327171214785486
66$[-1, 749, 1587, 1197, 1595, 876, -2]$7$[0.0008771752363748991, 0.0023179327739717166, 0.0005976332960106246, 0.003472495730530572, 0.0002452688651183041, 0.0007707136378352407]$0.008281219539841359
67$[-1, 749, 1587, 1197, 1595, 876, -2]$7$[0.0008771752363748991, 0.0023252566382498782, 0.0005760111604938305, 0.0034701065801874768, 0.0002164459233829837, 0.0007707136378352407]$0.00823570917652431
68$[-1, 749, 1587, 1197, 1595, 876, -2]$7$[0.0008771752363748991, 0.0023328350624721218, 0.0005543843863541818, 0.003467829245914108, 0.0001877308872781606, 0.0007707136378352407]$0.008190668456228713
69$[-1, 749, 1587, 1197, 1595, 876, -2]$7$[0.0008771752363748991, 0.0023406648900597404, 0.0005327535928079623, 0.0034656641310718875, 0.00015917606161677567, 0.0007707136378352407]$0.008146147549766506
70$[-1, 749, 1587, 1197, 1595, 876, -2]$7$[0.0008771752363748991, 0.002348742924673239, 0.0005111195028056212, 0.0034636116289802174, 0.0001308789040821165, 0.0007707136378352407]$0.008102241834751335
71$[-1, 749, 1587, 1197, 1595, 876, -2]$7$[0.0008771752363748991, 0.0023570659343351177, 0.000489482966144336, 0.0034616721228218545, 0.00010304241654971975, 0.0007707136378352407]$0.008059152314061168
72$[-1, 749, 1587, 1197, 1595, 876, -2]$7$[0.0008771752363748991, 0.0023656306553639338, 0.00046784498878840307, 0.00345984598548554, 7.6160463307813e-05, 0.0007707136378352407]$0.008017370967155829
73$[-1, 749, 1587, 1197, 1595, 876, -2]$7$[0.0008771752363748991, 0.002374433796359103, 0.00044620677068593574, 0.0034581335794132404, 5.172381680847511e-05, 0.0007707136378352407]$0.007978386837476894
74$[-1, 749, 1587, 1197, 1595, 876, -2]$7$[0.0008771752363748991, 0.0023834720418895138, 0.00042456975535483485, 0.0034565352564458153, 3.522188807760288e-05, 0.0007707136378352407]$0.007947687815977907
75$[-1, 749, 1587, 1197, 1595, 876, -2]$7$[0.0008771752363748991, 0.0023927420563329958, 0.0004029356951318734, 0.0034550513576478447, 3.865392593964299e-05, 0.0007707136378352407]$0.007937271909262498
76$[-1, 749, 1587, 1197, 1595, 876, -2]$7$[0.0008771752363748991, 0.0024022404874638414, 0.0003813067387474797, 0.003453682213251171, 5.860040063014842e-05, 0.0007707136378352407]$0.00794371871430278
77$[-1, 749, 1588, 748, 1592, 812, 1595, 876, -2]$9$[0.0008771752363748991, 0.003416063069817558, 0.0015240216821408021, 0.002360107143602806, 0.0005819621630353426, 0.001789531298661995, 8.401332586407335e-05, 0.0007707136378352407]$0.011403587557332714
78$[-1, 749, 1587, 813, 1594, 1133, 1595, 876, -2]$9$[0.0008771752363748991, 0.002421909128806389, 0.00046721880263230793, 0.002870841287072306, 0.0014700812984467686, 0.0011534669572968175, 0.00011119726262835105, 0.0007707136378352407]$0.01014260361109308
79$[-1, 749, 1587, 813, 1594, 1133, 1595, 876, -2]$9$[0.0008771752363748991, 0.002432072582645155, 0.0004946540840661631, 0.0028875777233339354, 0.001446980195231275, 0.0011607660113347668, 0.00013911070358602035, 0.0007707136378352407]$0.010209050174407456
80$[-1, 749, 1587, 813, 1594, 1133, 1595, 876, -2]$9$[0.0008771752363748991, 0.0024424509468729994, 0.0005220784961471832, 0.0029044541080607846, 0.0014238771234052735, 0.0011684661156167037, 0.0001673831161065893, 0.0007707136378352407]$0.010276598780419673
81$[-1, 749, 1587, 813, 1594, 1133, 1596, 1068, -2]$9$[0.0010868038136986546, 0.0024530408367969994, 0.0005494910467863341, 0.002921467508483948, 0.001400772255146605, 0.0019508731912406697, 0.0006763495677284151, 0.0007949028413238193]$0.011833701061205446
82$[-1, 749, 1587, 813, 1594, 1133, 1596, 1068, -2]$9$[0.0010868038136986546, 0.0024638388704696277, 0.0005768909289285826, 0.0029386150397879337, 0.0013776657732918586, 0.0019652702447660966, 0.0006533900275189184, 0.0007949028413238193]$0.011857377539785491
83$[-1, 749, 1587, 813, 1594, 1133, 1596, 1068, -2]$9$[0.0010868038136986546, 0.0024748416715881026, 0.0006042774784540099, 0.002955893865042547, 0.0013545578723105729, 0.0019798243219035817, 0.0006305722488538033, 0.0007949028413238193]$0.011881674113175091
84$[-1, 749, 1587, 813, 1594, 1133, 1596, 1068, -2]$9$[0.0010868038136986546, 0.002486045872111851, 0.0006316501430552742, 0.0029733011951097086, 0.0013314487592268138, 0.0019945321407068895, 0.0006079123792965055, 0.0007949028413238193]$0.011906597144529518
85$[-1, 749, 1587, 813, 1594, 1133, 1596, 1068, -2]$9$[0.0010868038136986546, 0.0024974481148689063, 0.0006590084588638063, 0.0029908342884321856, 0.0013083386548365316, 0.0020093904788895337, 0.0005854289441205267, 0.0007949028413238193]$0.011932155595033965
86$[-1, 749, 1587, 813, 1594, 1133, 1596, 1068, -2]$9$[0.0010868038136986546, 0.0025090450559774524, 0.0006863520327543118, 0.003008490450859848, 0.0012852277948491046, 0.002024396174200462, 0.0005631432691657705, 0.0007949028413238193]$0.011958361432829424
87$[-1, 749, 1587, 813, 1594, 1133, 1596, 1068, -2]$9$[0.0010868038136986546, 0.0025208333671344492, 0.0007136805287208065, 0.003026267035370014, 0.0012621164313247834, 0.002039546124428513, 0.0005410799884846291, 0.0007949028413238193]$0.011985230130485669
88$[-1, 749, 1587, 813, 1594, 1133, 1596, 1068, -2]$9$[0.0010868038136986546, 0.002532809737801693, 0.0007409936572806672, 0.0030441614417797826, 0.0012390048341393842, 0.00205483728747299, 0.00051926765375455, 0.0007949028413238193]$0.01201278126725154
89$[-1, 749, 1587, 813, 1594, 1133, 1596, 1068, -2]$9$[0.0010868038136986546, 0.002544970877331284, 0.0007682911671602976, 0.00306217111636702, 0.0012158932926984191, 0.002070266681199142, 0.0004977394656918257, 0.0007949028413238193]$0.012041039255470462
90$[-1, 749, 1587, 813, 1594, 1133, 1596, 1068, -2]$9$[0.0010868038136986546, 0.0025573135167673753, 0.0007955728386789397, 0.003080293551520286, 0.0011927821178908573, 0.0020858313832782926, 0.00047653415003280175, 0.0007949028413238193]$0.012070034213191026
91$[-1, 749, 1587, 813, 1594, 1133, 1596, 1068, -2]$9$[0.0010868038136986546, 0.002569834410819948, 0.000822838478461635, 0.0030985262853029964, 0.0011696716440755411, 0.002101528530860001, 0.0004556970022964659, 0.0007949028413238193]$0.012099803006839063
92$[-1, 749, 1587, 813, 1594, 1133, 1596, 1068, -2]$9$[0.0010868038136986546, 0.0025825303394608258, 0.000850087915267775, 0.0031168669010472223, 0.0011465622315904, 0.002117355320216972, 0.0004352811251728397, 0.0007949028413238193]$0.01213039048777851
93$[-1, 749, 1587, 813, 1594, 1133, 1596, 1068, -2]$9$[0.0010868038136986546, 0.002595398109544134, 0.0008773209964019943, 0.00313531302677674, 0.0011234542692924155, 0.002133309006316412, 0.00041534887711491933, 0.0007949028413238193]$0.01216185094046909
94$[-1, 749, 1587, 813, 1594, 1133, 1597, 1068, -2]$9$[0.0010868038136986546, 0.002608434556261003, 0.000904537585065689, 0.003153862334913573, 0.0011003481776471207, 0.002300312410644502, 0.0005767296813587263, 0.0007949028413238193]$0.012525931400913088
95$[-1, 749, 1587, 813, 1594, 1133, 1597, 1068, -2]$9$[0.0010868038136986546, 0.0026216365445384704, 0.0009317375578334283, 0.003172512541497063, 0.0010772444120087665, 0.0023120039099666537, 0.000554903754572046, 0.0007949028413238193]$0.012551745375438903
96$[-1, 749, 1587, 1196, 1592, 1132, 1596, 1068, -2]$9$[0.0010868038136986546, 0.002635000970279223, 0.0019119064707914634, 0.0023769851943709684, 0.0006136227599762261, 0.0015280239390257594, 0.0003592526400025501, 0.0007949028413238193]$0.011306498629468665
97$[-1, 749, 1587, 1196, 1592, 1132, 1596, 1068, -2]$9$[0.0013888046937400422, 0.0026485247614610337, 0.0018907824211323579, 0.002372041434721623, 0.0005920722504527044, 0.0015213732600875382, 0.000342125539369283, 0.0004408608129587264]$0.011196585173923307
98$[-1, 749, 1587, 1196, 1592, 1132, 1596, 1068, -2]$9$[0.0013888046937400422, 0.0026622048792985563, 0.001869649252978728, 0.00236725261144408, 0.0005706309391247896, 0.00151501991429893, 0.0003259959476615562, 0.0004408608129587264]$0.011140419051505406
99$[-1, 749, 1587, 1196, 1592, 1132, 1596, 1068, -2]$9$[0.0013888046937400422, 0.002676038319093908, 0.001848507003442898, 0.002362619929693868, 0.0005493123158392452, 0.0015089679131113458, 0.00031101937534673796, 0.0004408608129587264]$0.01108613036322677
100$[-1, 749, 1587, 1196, 1592, 1132, 1596, 1068, -2]$9$[0.0013888046937400422, 0.002690022111208425, 0.0018273557110693767, 0.0023581445730604124, 0.0005281319670717015, 0.0015032211522071825, 0.0002973703684608302, 0.0004408608129587264]$0.011033911389776697
101$[-1, 749, 1587, 1196, 1592, 1132, 1596, 1068, -2]$9$[0.0013888046937400422, 0.0027041533217309595, 0.0018061954159512084, 0.002353827702778762, 0.000507107976079175, 0.0014977834014050508, 0.00028523985783274815, 0.0004408608129587264]$0.010983973182476674
102$[-1, 749, 1587, 1196, 1592, 1132, 1596, 1068, -2]$9$[0.0013888046937400422, 0.0027184290532426647, 0.0017850261597651077, 0.0023496704565105467, 0.00048626141151202794, 0.0014926582943746573, 0.00027482928485732206, 0.0004408608129587264]$0.010936540166961094
103$[-1, 749, 1587, 1196, 1592, 1132, 1596, 1068, -2]$9$[0.0013888046937400422, 0.0027328464453664253, 0.0017638479859797861, 0.0023456739475252943, 0.0004656169251479377, 0.0014878493185955248, 0.00026634070878078184, 0.0004408608129587264]$0.010891840838094519
104$[-1, 749, 1586, 748, 1592, 1132, 1596, 1068, -2]$9$[0.0013888046937400422, 0.0020347615870720246, 0.0013623709454536235, 0.0028241770485297264, 0.00044520348480499153, 0.0014833598053983139, 0.000259962774673619, 0.0004408608129587264]$0.010239501152631067
105$[-1, 749, 1586, 748, 1592, 1132, 1596, 1068, -2]$9$[0.0013888046937400422, 0.0020559693311432035, 0.0013489729433036849, 0.002843341609344015, 0.00042505527329595024, 0.0014791929203794847, 0.00025585367159991935, 0.0004408608129587264]$0.010238051255765027
106$[-1, 749, 1586, 748, 1592, 1132, 1596, 1068, -2]$9$[0.0013888046937400422, 0.0020772512377377735, 0.0013359985841313613, 0.0028626158217117774, 0.0004052127905575461, 0.0014753516538717636, 0.0002541237752201924, 0.0004408608129587264]$0.010240219369929183
107$[-1, 749, 1586, 748, 1592, 1132, 1596, 1068, -2]$9$[0.0013888046937400422, 0.002098604273490369, 0.001323459162596907, 0.0028819969223573406, 0.00038572420044775507, 0.0014718388119387992, 0.00025482183025457697, 0.0004408608129587264]$0.010246110707784516
108$[-1, 749, 1585, 748, 1592, 1132, 1596, 1068, -2]$9$[0.0013888046937400422, 0.002099105911823767, 0.0010087265521163034, 0.002901482209347559, 0.00036664696623428235, 0.0014686570077085158, 0.0002579283995766973, 0.0004408608129587264]$0.009932212553505893
109$[-1, 749, 1587, 1196, 1593, 811, 1596, 1068, -2]$9$[0.0013888046937400422, 0.0028221702813163644, 0.0016365943498575972, 0.003409733749220733, 0.00016295954407946416, 0.0010719064702147554, 0.00026335852748321644, 0.0004408608129587264]$0.0111963884288709
110$[-1, 749, 1587, 1196, 1593, 811, 1596, 1068, -2]$9$[0.0013888046937400422, 0.0028375024155125714, 0.0016153551372017577, 0.003411022769806194, 0.00017970617708215004, 0.0010791016600368813, 0.00027097281098785393, 0.0004408608129587264]$0.011223326477326177
111$[-1, 749, 1587, 1196, 1593, 811, 1596, 1068, -2]$9$[0.0013888046937400422, 0.0028529547110244086, 0.0015941074306451556, 0.0034124227890755063, 0.00019950819731706998, 0.001087049304714564, 0.0002805937307250935, 0.0004408608129587264]$0.011256301670200567
112$[-1, 749, 1587, 1196, 1593, 811, 1596, 1068, -2]$9$[0.0013888046937400422, 0.0028685246568178418, 0.0015728512948949029, 0.0034139338488662105, 0.00022154219324633847, 0.001095731883500121, 0.0002920232429553798, 0.0004408608129587264]$0.011294272626979563
113$[-1, 749, 1587, 1196, 1593, 811, 1596, 1068, -2]$9$[0.001731813499599376, 0.002884209781275776, 0.0015515867978865398, 0.0034155559800052417, 0.0002452021017851508, 0.0011051309340605227, 0.00030505833385827206, 0.00026163741378519]$0.011500194842256069
114$[-1, 749, 1587, 1196, 1593, 811, 1596, 1068, -2]$9$[0.001731813499599376, 0.002900007652160889, 0.0015303140109664494, 0.0034172892023794227, 0.00027005627240957164, 0.0011152272090861892, 0.0003195027398872712, 0.00026163741378519]$0.01154584800027436
115$[-1, 749, 1587, 1196, 1593, 811, 1596, 1068, -2]$9$[0.001731813499599376, 0.0029159158764846555, 0.0015090330092270463, 0.0034191335249264773, 0.00029579956761283897, 0.001126000829984353, 0.00033517448202345835, 0.00026163741378519]$0.011594508203643395
116$[-1, 749, 1587, 1196, 1593, 811, 1597, 1068, -2]$9$[0.001731813499599376, 0.002931932100372421, 0.0014877438716630164, 0.0034210889457002456, 0.0003222150358062409, 0.0016956294071529463, 0.00026556894300994204, 0.00026163741378519]$0.012117629217089377
117$[-1, 749, 1587, 1196, 1593, 811, 1597, 1068, -2]$9$[0.001731813499599376, 0.0029480540089435146, 0.0014664466815485448, 0.0034231554518043923, 0.00034914652664445563, 0.0017067857511156013, 0.0002695003282139854, 0.00026163741378519]$0.012156539661655062
118$[-1, 749, 1587, 1196, 1593, 811, 1597, 1068, -2]$9$[0.001731813499599376, 0.0029642793259530933, 0.0014451415266896767, 0.0034253330195465155, 0.0003764799512616095, 0.0017183644042398911, 0.00027559743017748737, 0.00026163741378519]$0.01219864657125284
119$[-1, 749, 1587, 1196, 1593, 811, 1597, 1068, -2]$9$[0.001731813499599376, 0.002980605813735702, 0.0014238284997576051, 0.0034276216143930205, 0.00040413062251528, 0.0017303561476962413, 0.00028372086618812443, 0.00026163741378519]$0.01224371447767054
120$[-1, 749, 1587, 1196, 1593, 811, 1597, 1068, -2]$9$[0.001731813499599376, 0.0029970312727417977, 0.0014025076987667063, 0.0034300211910205697, 0.00043203468815034474, 0.0017427517168350196, 0.0002937027395644817, 0.00026163741378519]$0.012291500220463486
121$[-1, 749, 1587, 1196, 1593, 811, 1597, 1068, -2]$9$[0.001731813499599376, 0.003013553541397143, 0.0013811792273812158, 0.003432531693426775, 0.00046014328111837645, 0.0017555418241044479, 0.00030536103410931816, 0.00026163741378519]$0.012341761514921843
122$[-1, 749, 1587, 1196, 1593, 811, 1597, 1068, -2]$9$[0.001731813499599376, 0.003030170495652561, 0.001359843195360697, 0.003435153054918587, 0.0004884184756124345, 0.001768717180958041, 0.00031851188663632295, 0.00026163741378519]$0.012394265202523208
123$[-1, 749, 1587, 1196, 1593, 811, 1597, 1068, -2]$9$[0.001731813499599376, 0.0030468800486999244, 0.001338499719128926, 0.003437885198222377, 0.0005168304520301111, 0.0017822685181804207, 0.0003329786544785885, 0.00026163741378519]$0.012448793504124915
124$[-1, 749, 1587, 1196, 1593, 811, 1597, 1068, -2]$9$[0.001731813499599376, 0.0030636801506402286, 0.0013171489222671968, 0.003440728035471776, 0.0005453554805922099, 0.0017961866047678365, 0.00034859768753001125, 0.00026163741378519]$0.012505147794653825
125$[-1, 749, 1587, 1196, 1593, 811, 1597, 1068, -2]$9$[0.001731813499599376, 0.003080568787988438, 0.0012957909360932127, 0.0034436814683584216, 0.0005739744671888035, 0.0018104622655184509, 0.00036522131377177044, 0.00026163741378519]$0.012563150152303663
126$[-1, 749, 1587, 1196, 1593, 811, 1597, 1068, -2]$9$[0.001731813499599376, 0.00309754398333532, 0.0012744259003463633, 0.003446745388179254, 0.0006026718897261051, 0.0018250863970575078, 0.00038271877089795196, 0.00026163741378519]$0.012622643242927068
127$[-1, 749, 1587, 1196, 1593, 811, 1597, 1068, -2]$9$[0.001731813499599376, 0.0031146037949759766, 0.0012530539638965503, 0.0034499196758795837, 0.0006314350103888355, 0.0018400499825769437, 0.0004009757916055122, 0.00026163741378519]$0.012683489132707967
128$[-1, 749, 1587, 1196, 1593, 811, 1597, 1068, -2]$9$[0.001731813499599376, 0.0031317463163560914, 0.0012316752855422118, 0.003453204202203774, 0.0006602532846279259, 0.0018553441050695254, 0.00041989341158431943, 0.00026163741378519]$0.012745567518768416
129$[-1, 749, 1587, 1196, 1593, 811, 1596, 875, -2]$9$[0.0020926260672911997, 0.0031489696757398453, 0.0012102900348741486, 0.003456598827729712, 0.0006891179129591803, 0.001336419634442921, 0.00033002188375174616, 0.00023325062622308416]$0.012497294663011837
130$[-1, 749, 1587, 1196, 1593, 811, 1596, 875, -2]$9$[0.0020926260672911997, 0.0031662720357001706, 0.0011888983933127175, 0.003460103402955372, 0.0007180214970813871, 0.001354912623502276, 0.00031408832246550717, 0.00023325062622308416]$0.012528172968531716
131$[-1, 749, 1587, 1196, 1593, 811, 1596, 875, -2]$9$[0.0020926260672911997, 0.003183651592644675, 0.0011675005551176844, 0.0034637177684146937, 0.0007469577733758277, 0.0013737709355544482, 0.00030022290035798836, 0.00023325062622308416]$0.012561698218979603
132$[-1, 749, 1587, 1196, 1593, 811, 1596, 875, -2]$9$[0.0020926260672911997, 0.003201106576387348, 0.0011460967286512718, 0.0034674417548214266, 0.0007759214046476139, 0.0013929787932173978, 0.0002887205010959932, 0.00023325062622308416]$0.012598142452335337
133$[-1, 749, 1587, 1196, 1593, 811, 1596, 875, -2]$9$[0.0020926260672911997, 0.0032186352496454368, 0.0011246871376905214, 0.0034712751830675783, 0.00080490781549115, 0.0014125210079742416, 0.00027986928986359344, 0.00023325062622308416]$0.012637772377246803
134$[-1, 749, 1587, 1196, 1593, 811, 1596, 875, -2]$9$[0.0020926260672911997, 0.0032362359075406686, 0.0011032720229603016, 0.0034752178644202156, 0.0008339130614956611, 0.001432382977023255, 0.0002739229649905703, 0.00023325062622308416]$0.012680821491944959
135$[-1, 749, 1587, 1196, 1593, 811, 1596, 875, -2]$9$[0.0020926260672911997, 0.003253906877143274, 0.0010818516438170606, 0.0034792696006332837, 0.0008629337242540019, 0.001452550676841606, 0.0002710692937370127, 0.00023325062622308416]$0.012727458509940523
136$[-1, 749, 1587, 1196, 1592, 811, 1596, 875, -2]$9$[0.0020926260672911997, 0.0032716465169538617, 0.0010604262801042483, 0.002309425721523575, 0.0003489407928815137, 0.0014730106538392088, 0.000271402372428837, 0.00023325062622308416]$0.011060729031245529
137$[-1, 749, 1587, 1196, 1595, 875, -2]$7$[0.0020926260672911997, 0.0032894532164281587, 0.0010389962343260524, 0.0034733925478379864, 0.0008059101449974626, 0.00023325062622308416]$0.010933628837103943
138$[-1, 749, 1587, 1196, 1595, 875, -2]$7$[0.0020926260672911997, 0.0033073253954263456, 0.0010175618339956921, 0.0034688293282541666, 0.0007765479287494814, 0.00023325062622308416]$0.010896141179939969
139$[-1, 749, 1587, 1196, 1595, 875, -2]$7$[0.0020926260672911997, 0.00332526150383418, 0.0009961234343761562, 0.0034643710148836164, 0.000747196472116163, 0.00023325062622308416]$0.010858829118724399
140$[-1, 749, 1587, 1196, 1595, 875, -2]$7$[0.0020926260672911997, 0.0033432600209174867, 0.0009746814215290485, 0.00346001819671583, 0.0007178558045819055, 0.00023325062622308416]$0.010821692137258554
141$[-1, 749, 1587, 1196, 1595, 875, -2]$7$[0.0020926260672911997, 0.0033613194549506295, 0.0009532362157447098, 0.003455771455928237, 0.0006885259560470291, 0.00023325062622308416]$0.01078472977618489
142$[-1, 749, 1587, 1196, 1595, 875, -2]$7$[0.0020926260672911997, 0.0033794383426349445, 0.00093178827558629, 0.003451631367803456, 0.0006592069570321953, 0.00023325062622308416]$0.01074794163657117
143$[-1, 749, 1587, 1196, 1595, 875, -2]$7$[0.0020926260672911997, 0.003397615248650225, 0.0009103381023163261, 0.0034475985003204162, 0.0006298988386508911, 0.00023325062622308416]$0.010711327383452143
144$[-1, 749, 1587, 1196, 1595, 875, -2]$7$[0.0020926260672911997, 0.0034158487651570844, 0.0008888862450970973, 0.0034436734141462776, 0.0006006016329281713, 0.00023325062622308416]$0.010674886750842914
145$[-1, 748, 1592, 811, 1596, 875, -2]$7$[0.0008921148330886606, 0.0036757930265854284, 0.0001176100435326254, 0.0016683478516638546, 0.0003912642277661213, 0.0005021575352185568]$0.007247287517855247
146$[-1, 748, 1592, 811, 1595, 875, -2]$7$[0.0008921148330886606, 0.0036977339572409214, 0.00010229398442886565, 0.0015242895260570355, 0.0005420400930848889, 0.0005021575352185568]$0.007260629929118929
147$[-1, 748, 1592, 811, 1595, 875, -2]$7$[0.0008921148330886606, 0.0037197104296880813, 9.38683643037513e-05, 0.0015342730313247597, 0.0005127758296330028, 0.0005021575352185568]$0.007254900023256813
148$[-1, 748, 1587, 1196, 1595, 875, -2]$7$[0.0008921148330886606, 0.002325342933257158, 0.0008030749954955844, 0.0034290618224898225, 0.0004835226210088952, 0.0005021575352185568]$0.008435274740558676
149$[-1, 748, 1587, 1196, 1595, 875, -2]$7$[0.0008921148330886606, 0.0023301403799419564, 0.0007816251030263318, 0.003425683776871869, 0.00045428050878872783, 0.0005021575352185568]$0.008386002136936101
150$[-1, 748, 1587, 1196, 1595, 875, -2]$7$[0.0008921148330886606, 0.0023352099631406323, 0.0007601782327695736, 0.003422416708183806, 0.0004250495385406996, 0.0005021575352185568]$0.008337126810941928
151$[-1, 748, 1587, 1196, 1595, 875, -2]$7$[0.0008921148330886606, 0.0023405492332875255, 0.0007387354991966402, 0.0034192611190197904, 0.0003958297614405892, 0.0005021575352185568]$0.008288647981251764
152$[-1, 748, 1587, 1196, 1595, 875, -2]$7$[0.0008921148330886606, 0.0023461556690748428, 0.0007172981493371218, 0.0034162175028215796, 0.00036662123651099343, 0.0005021575352185568]$0.008240564926051755
153$[-1, 748, 1587, 1196, 1595, 875, -2]$7$[0.0008921148330886606, 0.0023520266812303166, 0.0006958675831470646, 0.0034132863437470835, 0.0003374240338920394, 0.0005021575352185568]$0.008192877010323722
154$[-1, 748, 1587, 1196, 1595, 875, -2]$7$[0.0008921148330886606, 0.0023581596161981657, 0.0006744453776496433, 0.003410468116346768, 0.00030823824026191216, 0.0005021575352185568]$0.008145583718763708
155$[-1, 748, 1587, 1196, 1595, 875, -2]$7$[0.0008921148330886606, 0.002364551759929021, 0.0006530333158803353, 0.0034077632854802326, 0.0002790639673373653, 0.0005021575352185568]$0.008098684696934172
156$[-1, 748, 1587, 1196, 1595, 875, -2]$7$[0.0008921148330886606, 0.0023712003416444917, 0.0006316334213901744, 0.003405172306021477, 0.0002499013665437289, 0.0005021575352185568]$0.00805217980390709
157$[-1, 748, 1587, 1196, 1595, 875, -2]$7$[0.0008921148330886606, 0.002378102537574398, 0.0006102480002285116, 0.003402695622786779, 0.0002207506552026209, 0.0005021575352185568]$0.008006069184099528
158$[-1, 748, 1587, 1196, 1595, 875, -2]$7$[0.0008921148330886606, 0.0023852554747779264, 0.0005888796916238159, 0.0034003336701996572, 0.00019161216645594418, 0.0005021575352185568]$0.007960353371364562
159$[-1, 748, 1587, 1196, 1595, 875, -2]$7$[0.0008921148330886606, 0.0023926562348006407, 0.0005675315300923031, 0.0033980868722210066, 0.00016248645315240684, 0.0005021575352185568]$0.007915033458573575
160$[-1, 748, 1587, 1196, 1595, 875, -2]$7$[0.0008921148330886606, 0.0024003018574567515, 0.000546207021614979, 0.0033959556421246572, 0.00013337452711817586, 0.0005021575352185568]$0.007870111416621781
161$[-1, 748, 1588, 747, 1592, 811, 1595, 875, -2]$9$[0.0009839092322087176, 0.0032727426737606344, 0.001494327949076716, 0.0023142470052573, 0.00040534837436390363, 0.0017187288786219114, 0.0001042784991267604, 0.0009405003715999508]$0.011234082984015894
162$[-1, 748, 1588, 747, 1592, 811, 1595, 875, -2]$9$[0.0009839092322087176, 0.003296430472101849, 0.001504813117435333, 0.0023273370990376774, 0.00043366817932121777, 0.0017346774355697055, 7.520370148890133e-05, 0.0009405003715999508]$0.011296539608763352
163$[-1, 748, 1587, 812, 1594, 1132, 1595, 875, -2]$9$[0.0009839092322087176, 0.0024246777499229454, 0.0003152871897068674, 0.0028261878299352863, 0.0016023222042898383, 0.0010701757464370654, 4.616881748670557e-05, 0.0009405003715999508]$0.010209229141587376
164$[-1, 748, 1587, 812, 1594, 1132, 1595, 875, -2]$9$[0.0009839092322087176, 0.002433272513725119, 0.00034279251980684917, 0.0028419178851964016, 0.0015791390825330939, 0.0010753029864221104, 1.731791534998666e-05, 0.0009405003715999508]$0.010214152506842229
165$[-1, 748, 1587, 812, 1594, 1132, 1595, 875, -2]$9$[0.0009839092322087176, 0.0024420968396499185, 0.0003702894769865103, 0.0028578038726897784, 0.0015559520421295255, 0.0010808895063457915, 1.259597816168072e-05, 0.0009405003715999508]$0.010244037319771873
166$[-1, 748, 1587, 812, 1594, 1132, 1595, 875, -2]$9$[0.0009839092322087176, 0.0024511475922145694, 0.0003977761877129825, 0.002873842691674579, 0.0015327611511063198, 0.0010869285297542394, 4.130145624108405e-05, 0.0009405003715999508]$0.010308167212512442
167$[-1, 748, 1587, 812, 1594, 1132, 1595, 875, -2]$9$[0.0009839092322087176, 0.00246042161859358, 0.00042525125829637666, 0.0028900312851653297, 0.0015095664808587401, 0.0010934128614342165, 7.028061528367156e-05, 0.0009405003715999508]$0.010373373723440582
168$[-1, 748, 1587, 812, 1594, 1132, 1595, 875, -2]$9$[0.0009839092322087176, 0.0024699157518593964, 0.00045271362881067566, 0.0029063666401909767, 0.0014863681064099159, 0.0011003349281206462, 9.92840217239877e-05, 0.0009405003715999508]$0.010439392680924265
169$[-1, 748, 1587, 812, 1594, 1132, 1595, 875, -2]$9$[0.0009839092322087176, 0.0024796268140778992, 0.00048016247747290455, 0.002922845788221207, 0.001463166106728512, 0.001107686819835836, 0.00012828739514271885, 0.0009405003715999508]$0.010506185005287745
170$[-1, 748, 1587, 812, 1594, 1132, 1595, 875, -2]$9$[0.0009839092322087176, 0.002489551619324707, 0.0005075971559674059, 0.0029394658053714536, 0.0014399605649678409, 0.0011154603310725955, 0.00015728434484695093, 0.0009405003715999508]$0.010573729425359621
171$[-1, 748, 1587, 812, 1594, 1132, 1595, 875, -2]$9$[0.0009839092322087176, 0.002499686976524672, 0.0005350171448411583, 0.0029562238125418385, 0.0014167515689124288, 0.0011236470014575595, 0.0001862724449571745, 0.0009405003715999508]$0.010642008553043501
172$[-1, 748, 1587, 812, 1590, 1196, 1595, 875, -2]$9$[0.0009839092322087176, 0.0025100296923316725, 0.0005624220218400613, 0.0009902456746161518, 0.0011267976440237095, 0.0033795302851052345, 0.0002152505632194779, 0.0009405003715999508]$0.010708685484944976
173$[-1, 748, 1587, 812, 1590, 1196, 1595, 875, -2]$9$[0.0009839092322087176, 0.0025205765737750484, 0.0005898114393735649, 0.0010019860950454217, 0.0011052225517819993, 0.0033789338818946894, 0.0002442180928102235, 0.0009405003715999508]$0.010765158238489616
174$[-1, 748, 1587, 812, 1590, 1196, 1595, 875, -2]$9$[0.0009839092322087176, 0.0025313244308639324, 0.0006171851077907033, 0.0010143089760430602, 0.0010836456929398564, 0.0033784576201266697, 0.0002731746735599169, 0.0009405003715999508]$0.010822506105132808
175$[-1, 748, 1587, 812, 1590, 1196, 1595, 875, -2]$9$[0.0009839092322087176, 0.002542270079102086, 0.0006445427830121253, 0.001027191945802241, 0.0010620675604214981, 0.00337810173431359, 0.00030212007350673825, 0.0009405003715999508]$0.010880703779966947
176$[-1, 748, 1587, 812, 1590, 1196, 1595, 875, -2]$9$[0.0009839092322087176, 0.0025534103418108104, 0.0006718842571690082, 0.0010406128099037135, 0.0010404886875332066, 0.0033778664460956797, 0.0003310541328355693, 0.0009405003715999508]$0.010939726279156656
177$[-1, 748, 1587, 812, 1594, 1132, 1596, 1067, -2]$9$[0.0012180071236961162, 0.002564742052440065, 0.0006992093515840687, 0.0030595140736057263, 0.0012774306495231514, 0.001989930347480933, 0.0005771030143410673, 0.0006639869693615771]$0.012049923582032704
178$[-1, 748, 1587, 812, 1594, 1132, 1596, 1067, -2]$9$[0.0012180071236961162, 0.002576262056673467, 0.000726517911154335, 0.0030771611656152374, 0.0012542004068129813, 0.0020054911947095435, 0.0005556139566381014, 0.0006639869693615771]$0.01207724078466136
179$[-1, 748, 1587, 812, 1594, 1132, 1596, 1067, -2]$9$[0.0012180071236961162, 0.002587967214532658, 0.0007538098000829527, 0.0030949248277202476, 0.0012309676322515741, 0.0020211907116330762, 0.0005344212123699248, 0.0006639869693615771]$0.012105275491648125
180$[-1, 748, 1587, 812, 1594, 1132, 1596, 1067, -2]$9$[0.0012180071236961162, 0.0025998544022856752, 0.000781084898500306, 0.003112802581912413, 0.001207732477880881, 0.0020370258373047625, 0.0005135616522205628, 0.0006639869693615771]$0.012134055943162293
181$[-1, 748, 1587, 812, 1594, 1132, 1596, 1067, -2]$9$[0.0012180071236961162, 0.002611920514327277, 0.0008083430997757458, 0.003130791993722158, 0.0011844951066746932, 0.002052993577217842, 0.000493077754302275, 0.0006639869693615771]$0.012163616139077684
182$[-1, 748, 1587, 812, 1594, 1132, 1596, 1067, -2]$9$[0.0012180071236961162, 0.0026241624648289923, 0.0008355843082777178, 0.003148890671702982, 0.001161255693545066, 0.0020690910029390547, 0.0004730185197249769, 0.0006639869693615771]$0.012193996754076482
183$[-1, 748, 1588, 1195, 1592, 1131, 1596, 1067, -2]$9$[0.0012180071236961162, 0.003796088512600789, 0.0015142018930457601, 0.002327804035375696, 0.0007237697788405367, 0.0015051872626518736, 0.0004534405099987712, 0.0006639869693615771]$0.012202486085571122
184$[-1, 748, 1588, 1195, 1592, 1131, 1596, 1067, -2]$9$[0.0012180071236961162, 0.0038199350606680266, 0.0015109469586997348, 0.002322063395712198, 0.0007023704452187425, 0.001497142868065252, 0.00043440899794226616, 0.0006639869693615771]$0.012168861819363913
185$[-1, 748, 1587, 812, 1594, 1132, 1597, 1067, -2]$9$[0.0012180071236961162, 0.0026619128197584185, 0.0009172051522031758, 0.0032038190269677216, 0.001091527158498834, 0.002261497744903663, 0.0005586640773158324, 0.0006639869693615771]$0.012576620072705338
186$[-1, 748, 1587, 812, 1594, 1132, 1597, 1067, -2]$9$[0.0012180071236961162, 0.0026748277172311432, 0.0009443775994804921, 0.003222331703665758, 0.0010682816128866567, 0.0022735506655090056, 0.0005362748305137152, 0.0006639869693615771]$0.012601638222344464
187$[-1, 748, 1587, 812, 1594, 1132, 1597, 1067, -2]$9$[0.0012180071236961162, 0.002687903374827057, 0.0009715326903018947, 0.003240942321690933, 0.0010450351285022262, 0.002285765194301728, 0.0005140995364439953, 0.0006639869693615771]$0.012627272339125528
188$[-1, 748, 1587, 812, 1594, 1132, 1597, 1067, -2]$9$[0.0012180071236961162, 0.002701136856336471, 0.000998670367780868, 0.0032596487392982086, 0.0010217879841412174, 0.002298138883016961, 0.000492167294293065, 0.0006639869693615771]$0.012653544217924485
189$[-1, 748, 1587, 812, 1594, 1132, 1597, 1067, -2]$9$[0.0012180071236961162, 0.0027145252546841372, 0.0010257905787633226, 0.003278448854691398, 0.000998540483307021, 0.002310669302125679, 0.0004705122768748145, 0.0006639869693615771]$0.012680480843504064
190$[-1, 748, 1587, 812, 1594, 1132, 1597, 1067, -2]$9$[0.0012180071236961162, 0.0027280656929240194, 0.0010528932732286618, 0.003297340605427665, 0.0009752929572413514, 0.002323354041856844, 0.00044917476951037875, 0.0006639869693615771]$0.012708115433246615
191$[-1, 748, 1587, 812, 1594, 875, 1597, 1067, -2]$9$[0.0012180071236961162, 0.002741755325052267, 0.0010799784040264266, 0.0033163219679709635, 0.0013324474488384955, 0.0017331514111693937, 0.0004282024328691201, 0.0006639869693615771]$0.01251385108298436
192$[-1, 748, 1587, 812, 1594, 875, 1597, 1067, -2]$9$[0.0012180071236961162, 0.0027555913368884164, 0.0011070459264107568, 0.0033353909570574005, 0.00130726674352898, 0.001761447320099554, 0.00040765182996975935, 0.0006639869693615771]$0.01255638820701256
193$[-1, 748, 1587, 812, 1594, 875, 1597, 1067, -2]$9$[0.0015261566815102249, 0.0027695709467447827, 0.001134095797856984, 0.0033545456251890624, 0.001282238712910617, 0.0017897429320778914, 0.0003875902538277302, 0.00032195535153767556]$0.012565896301654968
194$[-1, 748, 1587, 812, 1594, 875, 1597, 1067, -2]$9$[0.0015261566815102249, 0.002783691406071215, 0.0011611279777152203, 0.003373784062056681, 0.0012573716719035686, 0.0018180376556980963, 0.0003680978805809216, 0.00032195535153767556]$0.012610222687073605
195$[-1, 748, 1587, 1195, 1593, 810, 1596, 1067, -2]$9$[0.0015261566815102249, 0.0027979500000783275, 0.0017561689062075452, 0.0033291988559675948, 0.0001879356308909379, 0.001089734869542883, 0.0002912096938898463, 0.00032195535153767556]$0.011300309989625036
196$[-1, 748, 1587, 1195, 1593, 810, 1596, 1067, -2]$9$[0.0015261566815102249, 0.0028123440481400805, 0.0017349653313482915, 0.0033299891446522656, 0.00018256218762321318, 0.0010934343718870595, 0.0002877704037579831, 0.00032195535153767556]$0.011289177520456795
197$[-1, 748, 1587, 1195, 1593, 810, 1596, 1067, -2]$9$[0.0015261566815102249, 0.002826870904349855, 0.00171375482958949, 0.0033308936626506263, 0.0001819853560217823, 0.0010979180576896387, 0.0002864674859990149, 0.00032195535153767556]$0.01128600232934831
198$[-1, 748, 1587, 1195, 1593, 810, 1596, 1067, -2]$9$[0.0015261566815102249, 0.0028415279577887116, 0.0016925375184186856, 0.0033319124983919187, 0.00018624301948414224, 0.0011031752300829831, 0.0002873302287988575, 0.00032195535153767556]$0.011290838486013201
199$[-1, 748, 1587, 1195, 1593, 810, 1596, 1067, -2]$9$[0.0015261566815102249, 0.002856312632949197, 0.0016713135209840628, 0.003333045728346923, 0.0001950123919469534, 0.001109193759420448, 0.0002903395428614981, 0.00032195535153767556]$0.011303329609556984
200$[-1, 748, 1587, 1195, 1593, 810, 1596, 1067, -2]$9$[0.0015261566815102249, 0.0028712223898723836, 0.001650082966550541, 0.003334293417043367, 0.0002077168256910903, 0.0011159602003261567, 0.0002954300453095909, 0.00032195535153767556]$0.01132281787784103
201$[-1, 748, 1587, 1195, 1593, 810, 1596, 1067, -2]$9$[0.0015261566815102249, 0.002886254724424881, 0.0016288459908483123, 0.0033356556170328973, 0.00022368123448732058, 0.0011234599172249317, 0.00030249688149139396, 0.00032195535153767556]$0.01134850639855764
202$[-1, 748, 1587, 1195, 1593, 810, 1596, 1067, -2]$9$[0.0015261566815102249, 0.0029014071684924396, 0.0016076027364695874, 0.003337132368988275, 0.00024225681603572946, 0.0011316772155038838, 0.0003114057159650729, 0.00032195535153767556]$0.011379594054502888
203$[-1, 748, 1587, 1195, 1593, 810, 1597, 1067, -2]$9$[0.0015261566815102249, 0.002916677289949774, 0.001586353353431235, 0.003338723701569328, 0.0002628858536776423, 0.0017002860091141377, 0.00024085880199894503, 0.00032195535153767556]$0.011893897042788962
204$[-1, 748, 1587, 1195, 1593, 810, 1597, 1067, -2]$9$[0.0015261566815102249, 0.002932062692830722, 0.001565097999562985, 0.0033404296315280575, 0.0002851185584000249, 0.0017098284178585865, 0.00023564192006511486, 0.00032195535153767556]$0.01191629125329339
205$[-1, 748, 1587, 1195, 1593, 810, 1597, 1067, -2]$9$[0.0015261566815102249, 0.0029475610173257203, 0.0015438368411604829, 0.0033422501637584276, 0.0003086044339734875, 0.001719814336569916, 0.00023295149121625833, 0.00032195535153767556]$0.011943130317052195
206$[-1, 748, 1587, 1195, 1593, 810, 1597, 1067, -2]$9$[0.0015261566815102249, 0.0029631699396995073, 0.0015225700534891235, 0.0033441852912348908, 0.00033307469224006946, 0.0017302353461787004, 0.00023287534048823722, 0.00032195535153767556]$0.01197422269637843
207$[-1, 748, 1587, 1195, 1593, 810, 1597, 1067, -2]$9$[0.0015261566815102249, 0.0029788871723140362, 0.001501297821462829, 0.003346234995107131, 0.0003583241750795729, 0.0017410828972870157, 0.00023541623832318132, 0.00032195535153767556]$0.012009355332621666
208$[-1, 748, 1587, 1195, 1593, 810, 1597, 1067, -2]$9$[0.0015261566815102249, 0.002994710463409915, 0.001480020340395177, 0.003348399244719012, 0.0003841959697071374, 0.0017523483349793463, 0.00024049146948066584, 0.00032195535153767556]$0.012048277855739153
209$[-1, 748, 1587, 1195, 1593, 810, 1597, 1067, -2]$9$[0.001868611279729415, 0.003010637597128918, 0.0014587378166265612, 0.00335067799769142, 0.00041056934416358994, 0.0017640229228042376, 0.00024794566355195103, 0.0002824224887485693]$0.012393625110444662
210$[-1, 748, 1587, 1195, 1593, 810, 1597, 1067, -2]$9$[0.001868611279729415, 0.003026666393184714, 0.0014374504684651235, 0.0033530711998830424, 0.0004373506471563408, 0.0017760978657645565, 0.00025757255351155427, 0.0002824224887485693]$0.012439242896443313
211$[-1, 748, 1587, 1195, 1593, 810, 1597, 1067, -2]$9$[0.001868611279729415, 0.0030427947067912086, 0.0014161585270535267, 0.0033555787855416375, 0.00046446656379434543, 0.0017885643320296107, 0.0002691392718679165, 0.0002824224887485693]$0.012487735955556228
212$[-1, 748, 1587, 1195, 1593, 810, 1597, 1067, -2]$9$[0.001868611279729415, 0.0030590204283867813, 0.0013948622373469626, 0.003358200677349289, 0.0004918591477519968, 0.0018014134736853544, 0.0002824077312115494, 0.0002824224887485693]$0.012538797464209918
213$[-1, 748, 1587, 1195, 1593, 810, 1597, 1067, -2]$9$[0.001868611279729415, 0.003075341483392564, 0.0013735618592275577, 0.003360936786415306, 0.0005194821597559416, 0.0018146364461072433, 0.00029715020839885583, 0.0002824224887485693]$0.01259214271177545
214$[-1, 748, 1587, 1195, 1593, 810, 1597, 1067, -2]$9$[0.001868611279729415, 0.0030917558319676123, 0.001352257668554884, 0.003363787012475954, 0.0005472983569905668, 0.0018282244261223753, 0.0003131587334900658, 0.0002824224887485693]$0.012647515798079443
215$[-1, 748, 1587, 1195, 1593, 810, 1597, 1067, -2]$9$[0.001868611279729415, 0.0031082614687072212, 0.0013309499586590238, 0.0033667512438319788, 0.0005752774733252708, 0.0018421686290425474, 0.0003302493706222522, 0.0002824224887485693]$0.012704691912666276
216$[-1, 748, 1587, 1195, 1593, 810, 1597, 1067, -2]$9$[0.001868611279729415, 0.0031248564223076663, 0.0013096390415873746, 0.003369829357549872, 0.0006033947021927908, 0.0018564603242001198, 0.0003482629585125186, 0.0002824224887485693]$0.012763476574828325
217$[-1, 748, 1587, 1195, 1593, 810, 1597, 1067, -2]$9$[0.001868611279729415, 0.003141538755258592, 0.0012883252497111074, 0.0033730212195128484, 0.0006316295476047039, 0.0018710908494155793, 0.0003670637436978616, 0.0002824224887485693]$0.012823703133678676
218$[-1, 748, 1587, 1195, 1593, 810, 1597, 1067, -2]$9$[0.001868611279729415, 0.0031583065635358036, 0.001267008937520286, 0.0033763266845155625, 0.0006599649463796569, 0.0018860516242377278, 0.0003865369703578459, 0.0002824224887485693]$0.012885229495024866
219$[-1, 748, 1587, 1195, 1593, 810, 1597, 1067, -2]$9$[0.001868611279729415, 0.003175157976183903, 0.001245690483376376, 0.0033797455963037295, 0.000688386591510063, 0.0019013341617730205, 0.00040658611510358374, 0.0002824224887485693]$0.012947934692728659
220$[-1, 748, 1587, 1195, 1593, 810, 1597, 1067, -2]$9$[0.001868611279729415, 0.0031920911549963727, 0.001224370291735179, 0.003383277787807952, 0.0007168824064292586, 0.001916930079517375, 0.00042713016194550487, 0.0002824224887485693]$0.013011715650909625
221$[-1, 748, 1587, 1195, 1593, 810, 1597, 1067, -2]$9$[0.001868611279729415, 0.0032091042940777296, 0.0012030487953417805, 0.003386923081130795, 0.0007454421329908176, 0.0019328311090599153, 0.000448101115159707, 0.0002824224887485693]$0.013076484296238727
222$[-1, 748, 1587, 1195, 1593, 810, 1597, 1067, -2]$9$[0.001868611279729415, 0.0032261956195108864, 0.0011817264578713631, 0.0033906812877453657, 0.0007740570060995266, 0.00194902910462394, 0.00046944182726683085, 0.0002824224887485693]$0.013142165071595897
223$[-1, 748, 1587, 1195, 1593, 810, 1597, 1067, -2]$9$[0.001868611279729415, 0.0032433633889063307, 0.0011604037767327313, 0.0033945522085575834, 0.0008027194945447744, 0.0019655160505154807, 0.0004911041527143829, 0.0002824224887485693]$0.013208692840449267
224$[-1, 748, 1587, 1195, 1592, 810, 1597, 1067, -2]$9$[0.001868611279729415, 0.003260605891031858, 0.0011390812862459786, 0.002231787443017179, 0.00042906417703931197, 0.0019822840677991924, 0.0005130474042605293, 0.0002824224887485693]$0.011706904037872033
225$[-1, 747, 1592, 810, 1596, 874, -2]$7$[0.000999640672266596, 0.003473300654462779, 0.00040129376530306305, 0.001476546053534548, 0.00024454916915380597, 0.0002971172132805587]$0.00689244752800135
226$[-1, 747, 1592, 810, 1596, 874, -2]$7$[0.000999640672266596, 0.003494543798570728, 0.0003737920835976368, 0.001496534200122504, 0.00024393949839902435, 0.0002971172132805587]$0.006905567466237049
227$[-1, 747, 1592, 810, 1596, 874, -2]$7$[0.000999640672266596, 0.0035158373707980407, 0.0003466194053806195, 0.0015168098875018936, 0.00024687066045459813, 0.0002971172132805587]$0.006922895209682306
228$[-1, 747, 1592, 810, 1596, 874, -2]$7$[0.000999640672266596, 0.0035371799906787306, 0.00031985557573887744, 0.0015373608736466617, 0.0002532159497379506, 0.0002971172132805587]$0.006944370275349375
229$[-1, 747, 1592, 810, 1596, 874, -2]$7$[0.000999640672266596, 0.0035585703084763044, 0.0002936080384239062, 0.0015581754103593855, 0.0002627244652442981, 0.0002971172132805587]$0.006969836108051048
230$[-1, 747, 1592, 810, 1596, 874, -2]$7$[0.000999640672266596, 0.0035800070044753893, 0.000268023705694585, 0.0015792422313249367, 0.00027506487015141056, 0.0002971172132805587]$0.006999095697193476
231$[-1, 747, 1592, 810, 1596, 874, -2]$7$[0.000999640672266596, 0.0036014887882781814, 0.0002433065680762841, 0.0016005505388879144, 0.0002898723918752096, 0.0002971172132805587]$0.007031976172664744
232$[-1, 747, 1592, 810, 1596, 874, -2]$7$[0.000999640672266596, 0.0036230143981180914, 0.0002197435549909575, 0.0016220899901497287, 0.0003067868531971234, 0.0002971172132805587]$0.007068392682003055
233$[-1, 747, 1592, 810, 1596, 874, -2]$7$[0.000999640672266596, 0.003644582600120559, 0.00019774110718771368, 0.0016438506822564342, 0.0003254769618356888, 0.0002971172132805587]$0.0071084092369475506
234$[-1, 747, 1592, 810, 1596, 874, -2]$7$[0.000999640672266596, 0.0036661921877032136, 0.0001778719613913685, 0.0016658231375655305, 0.00034565198818674623, 0.0002971172132805587]$0.007152297160394014
235$[-1, 747, 1592, 810, 1596, 874, -2]$7$[0.000999640672266596, 0.003687841980829475, 0.00016092014964163556, 0.0016879982883253612, 0.00036706451154535117, 0.0002971172132805587]$0.0072005828158889775
236$[-1, 747, 1592, 810, 1596, 874, -2]$7$[0.000999640672266596, 0.003709530825456727, 0.0001478834586806651, 0.0017103674612940771, 0.0003895079881721692, 0.0002971172132805587]$0.007254047619150793
237$[-1, 747, 1587, 1195, 1595, 874, -2]$7$[0.000999640672266596, 0.0023782430048686722, 0.0008622446644922692, 0.0033666647517125474, 0.000520468557349028, 0.0002971172132805587]$0.008424378863969672
238$[-1, 747, 1587, 1195, 1595, 874, -2]$7$[0.000999640672266596, 0.0023824035455461937, 0.0008410134059052066, 0.0033630570837247515, 0.0004912392676315983, 0.0002971172132805587]$0.008374471188354906
239$[-1, 747, 1587, 1195, 1595, 874, -2]$7$[0.000999640672266596, 0.002386832652479147, 0.0008197986352952232, 0.003359562649434766, 0.0004620263648152548, 0.0002971172132805587]$0.008324978187571547
240$[-1, 747, 1587, 1195, 1595, 874, -2]$7$[0.000999640672266596, 0.002391528166717795, 0.0007986024478021861, 0.0033561819888176135, 0.00043283094576259453, 0.0002971172132805587]$0.008275901434647345
241$[-1, 747, 1587, 1195, 1595, 874, -2]$7$[0.000963218586612838, 0.0023964878564908094, 0.0007774271651245333, 0.003352915632319821, 0.0004036544155664465, 0.0006668720469086716]$0.008560575703023121
242$[-1, 747, 1587, 1195, 1595, 874, -2]$7$[0.000963218586612838, 0.0024017094203506208, 0.0007562753668811769, 0.003349764100719762, 0.000374498607138861, 0.0006668720469086716]$0.008512338128611931
243$[-1, 747, 1587, 1195, 1595, 874, -2]$7$[0.000963218586612838, 0.0024071904905093792, 0.0007351499267200913, 0.0033467279048214984, 0.00034536596091777123, 0.0006668720469086716]$0.00846452491649025
244$[-1, 747, 1588, 746, 1592, 810, 1595, 874, -2]$9$[0.000963218586612838, 0.0031103858877317074, 0.0014832467977446571, 0.002272690488775954, 0.00022621627815631033, 0.0016520711663606683, 0.0003162598031244355, 0.0006668720469086716]$0.010690961055415242
245$[-1, 747, 1588, 746, 1592, 810, 1595, 874, -2]$9$[0.000963218586612838, 0.0031336926697896916, 0.0014898501636081776, 0.002283517417569663, 0.0002499722644450386, 0.0016651338565289776, 0.0002871847921880816, 0.0006668720469086716]$0.010739441797651138
246$[-1, 747, 1588, 746, 1592, 810, 1595, 874, -2]$9$[0.000963218586612838, 0.0031570233457519697, 0.001496933571924117, 0.0022946165220695852, 0.00027475348529378056, 0.0016785812662596263, 0.00025814766443207096, 0.0006668720469086716]$0.010790146489252658
247$[-1, 747, 1588, 746, 1592, 810, 1595, 874, -2]$9$[0.000963218586612838, 0.003180376866474442, 0.0015044892126772826, 0.002305983192773994, 0.0003003018105622191, 0.0016924034270739457, 0.00022915854188460712, 0.0006668720469086716]$0.010842803684968
248$[-1, 747, 1588, 746, 1592, 810, 1595, 874, -2]$9$[0.000963218586612838, 0.003203752212702609, 0.0015125089834789227, 0.002317612816069903, 0.00032643309622017413, 0.0017065904406877055, 0.00020023336465382113, 0.0006668720469086716]$0.010897221547334645
249$[-1, 747, 1588, 746, 1592, 810, 1595, 874, -2]$9$[0.000963218586612838, 0.003227148393916281, 0.00152098452189602, 0.0023295007797185475, 0.00035301412670834197, 0.0017211324975600645, 0.0001713987563763956, 0.0006668720469086716]$0.01095326970969716
250$[-1, 747, 1587, 811, 1595, 874, -2]$7$[0.000963218586612838, 0.0024526128445388584, 0.00023056927850033675, 0.0037227219761651266, 0.00014270269812027923, 0.0006668720469086716]$0.008178697430846111
251$[-1, 747, 1587, 811, 1595, 874, -2]$7$[0.000963218586612838, 0.002460077849006984, 0.00025680832376712354, 0.0037478372334405967, 0.00011424095863536635, 0.0006668720469086716]$0.00820905499837158
252$[-1, 747, 1587, 811, 1595, 874, -2]$7$[0.000963218586612838, 0.0024677786093086867, 0.0002832892459490783, 0.0037729650021914867, 8.623430451038646e-05, 0.0006668720469086716]$0.008240357795481148
253$[-1, 747, 1587, 811, 1594, 1131, 1595, 874, -2]$9$[0.000963218586612838, 0.0024757122764365387, 0.0003099454241654811, 0.0028635104040785563, 0.0016204227530330734, 0.0010176020855415873, 5.931393131343947e-05, 0.0006668720469086716]$0.009976597508090186
254$[-1, 747, 1587, 811, 1594, 1131, 1595, 874, -2]$9$[0.000963218586612838, 0.002483875971425641, 0.00033673097230747773, 0.0028789820724561023, 0.0015971623272352377, 0.001022650998869579, 3.5977204668951e-05, 0.0006668720469086716]$0.009985470180484499
255$[-1, 747, 1587, 811, 1594, 1131, 1595, 874, -2]$9$[0.000963218586612838, 0.002492266788442077, 0.00036361334407571767, 0.0028946101505982666, 0.00157389727937734, 0.0010281859437645902, 2.76224808306099e-05, 0.0006668720469086716]$0.01001028662061011
256$[-1, 747, 1587, 811, 1594, 1131, 1595, 874, -2]$9$[0.000963218586612838, 0.0025008817978956735, 0.0003905688587416543, 0.0029103916088109626, 0.0015506276401925723, 0.0010341994308592424, 4.38412982102411e-05, 0.0006668720469086716]$0.010060601268231856
257$[-1, 747, 1587, 811, 1594, 1131, 1596, 1066, -2]$9$[0.0010985592631185441, 0.0025097180494985795, 0.00041757989802349623, 0.0029263234576799974, 0.001527353441471415, 0.001790940286306919, 0.0008368490574191918, 0.0009134002064899413]$0.012020723660008085
258$[-1, 747, 1587, 811, 1594, 1131, 1596, 1066, -2]$9$[0.0010985592631185441, 0.0025187725751934123, 0.00044463309525056655, 0.0029424027486644852, 0.0015040747161137239, 0.0018051932104379699, 0.0008138207362996621, 0.0009134002064899413]$0.012040856551568304
259$[-1, 747, 1587, 811, 1594, 1131, 1596, 1066, -2]$9$[0.0010985592631185441, 0.002528042392060071, 0.00047171813256270835, 0.002958626574482262, 0.00148079149826683, 0.0018196213095980952, 0.0007909084010924163, 0.0009134002064899413]$0.012061667777670869
260$[-1, 747, 1587, 811, 1594, 1131, 1596, 1066, -2]$9$[0.0010985592631185441, 0.002537524505158163, 0.0004988269220753535, 0.0029749920693018517, 0.001457503823371624, 0.0018342206139322845, 0.0007681225699936215, 0.0009134002064899413]$0.012083149973441384
261$[-1, 747, 1587, 811, 1594, 1131, 1596, 1066, -2]$9$[0.0010985592631185441, 0.0025472159102586313, 0.0005259530362889834, 0.002991496409161263, 0.0014342117283060313, 0.0018489872299909072, 0.0007454749839337979, 0.0009134002064899413]$0.012105298767548102
262$[-1, 747, 1587, 811, 1594, 1131, 1596, 1066, -2]$9$[0.0010985592631185441, 0.0025571135964416597, 0.0005530913035461384, 0.0030081368120141593, 0.0014109152514421126, 0.0018639173413353086, 0.0007229787775806353, 0.0009134002064899413]$0.012128112551968499
263$[-1, 747, 1587, 811, 1594, 1131, 1596, 1066, -2]$9$[0.0010985592631185441, 0.0025672145487367457, 0.0005802375159558839, 0.00302491053794394, 0.0013876144328665652, 0.001879007208797166, 0.0007006486772833392, 0.0009134002064899413]$0.012151592391192123
264$[-1, 747, 1587, 811, 1594, 1131, 1596, 1066, -2]$9$[0.0010985592631185441, 0.002577515750538959, 0.0006073882147742867, 0.0030418148891450773, 0.0013643093144374086, 0.0018942531706710626, 0.0006785012304476171, 0.0009134002064899413]$0.012175742039622897
265$[-1, 747, 1587, 811, 1594, 1131, 1596, 1066, -2]$9$[0.0010985592631185441, 0.002588014186042574, 0.0006345405305929706, 0.0030588472100364947, 0.001340999940014356, 0.0019096516426666632, 0.0006565550708409369, 0.0009134002064899413]$0.01220056804980248
266$[-1, 747, 1587, 811, 1594, 1131, 1596, 1066, -2]$9$[0.0010985592631185441, 0.0025987068425175216, 0.000661692062500801, 0.0030760048871135786, 0.0013176863555617998, 0.0019251991177496317, 0.0006348312260438188, 0.0009134002064899413]$0.012226079961095638
267$[-1, 747, 1587, 811, 1594, 1131, 1596, 1066, -2]$9$[0.0010985592631185441, 0.0026095907124980898, 0.0006888407858677149, 0.00309328534893447, 0.0012943686093781267, 0.001940892165743501, 0.0006133534726292168, 0.0009134002064899413]$0.012252290564659606
268$[-1, 747, 1587, 811, 1594, 1131, 1596, 1066, -2]$9$[0.0010985592631185441, 0.0026206627958869364, 0.0007159849809277849, 0.0031106860659794685, 0.0012710467523045677, 0.0019567274329028647, 0.0005921487457590679, 0.0009134002064899413]$0.012279216243369175
269$[-1, 747, 1587, 811, 1594, 1131, 1596, 1066, -2]$9$[0.0010985592631185441, 0.0026319201020257926, 0.0007431231769725936, 0.00312820455041559, 0.0012477208379961038, 0.001972701641304131, 0.0005712476099526033, 0.0009134002064899413]$0.0123068773882753
270$[-1, 747, 1587, 811, 1594, 1131, 1596, 1066, -2]$9$[0.0010985592631185441, 0.00264335965151741, 0.0007702541085113016, 0.003145838356005997, 0.0012243909231086979, 0.0019888115881084726, 0.0005506847966909509, 0.0009134002064899413]$0.012335298893551316
271$[-1, 747, 1588, 1194, 1592, 1130, 1596, 1066, -2]$9$[0.0010985592631185441, 0.0037454390108766157, 0.001453191442679655, 0.0022767149801801614, 0.0008132392408795969, 0.0014802497978811545, 0.0005304998139527941, 0.0009134002064899413]$0.012311293756058463
272$[-1, 747, 1588, 1194, 1592, 1130, 1596, 1066, -2]$9$[0.0010985592631185441, 0.0037690948749676168, 0.0014488666981810553, 0.0022703007076143524, 0.0007920347735221592, 0.0014710768013859483, 0.0005107376287362946, 0.0009134002064899413]$0.012274070954015915
273$[-1, 747, 1588, 1194, 1592, 1130, 1596, 1066, -2]$9$[0.0013503214099973293, 0.003792754383526525, 0.0014448156167465702, 0.0022640423883969725, 0.000770935222754477, 0.0014621873381411292, 0.000491449419488668, 0.0005329605338020433]$0.012109466312853714
274$[-1, 747, 1588, 1194, 1592, 1130, 1596, 1066, -2]$9$[0.0013503214099973293, 0.0038164170272586605, 0.0014410409239025738, 0.002257941590571931, 0.0007499499509438198, 0.0014535868709835396, 0.00047269338561604224, 0.0005329605338020433]$0.01207491169307594
275$[-1, 747, 1587, 811, 1594, 1131, 1597, 1066, -2]$9$[0.0013503214099973293, 0.002703187785989598, 0.0009057659819137319, 0.003235654454859685, 0.0011076835772938622, 0.0022114476599866604, 0.0005651085929102125, 0.0005329605338020433]$0.012612129996753122
276$[-1, 747, 1587, 811, 1594, 1131, 1597, 1066, -2]$9$[0.0013503214099973293, 0.002715659080986511, 0.0009328345818038475, 0.00325393110625241, 0.0010843310618724492, 0.0022237035202717784, 0.0005420259254750677, 0.0005329605338020433]$0.012635767220461438
277$[-1, 747, 1587, 811, 1594, 1131, 1597, 1066, -2]$9$[0.0013503214099973293, 0.0027282922223200216, 0.0009598905676808336, 0.0032723070931600486, 0.0010609750578962705, 0.0022361234406050104, 0.0005190999696130453, 0.0005329605338020433]$0.012659970295074601
278$[-1, 747, 1587, 811, 1594, 1131, 1597, 1066, -2]$9$[0.0013503214099973293, 0.0027410843791834715, 0.0009869334821617998, 0.0032907802902870996, 0.0010376156607642111, 0.0022487048308174316, 0.0004963526046704663, 0.0005329605338020433]$0.012684753191683853
279$[-1, 747, 1587, 811, 1594, 1131, 1597, 1066, -2]$9$[0.0013503214099973293, 0.002754032745249368, 0.0010139629145793742, 0.0033093486105478724, 0.0010142529734298708, 0.0022614451227454457, 0.00047380972161893334, 0.0005329605338020433]$0.012710134031970237
280$[-1, 747, 1587, 811, 1594, 1131, 1597, 1066, -2]$9$[0.0013503214099973293, 0.0027671345397037627, 0.0010409784951005945, 0.0033280100048606147, 0.000990887107261724, 0.0022743417716371297, 0.00045150212253380797, 0.0005329605338020433]$0.012736135984897007
281$[-1, 747, 1587, 811, 1594, 874, 1597, 1066, -2]$9$[0.0013503214099973293, 0.0027803870082220615, 0.0010679798893799904, 0.003346762461483237, 0.001354679051891741, 0.001732901837271476, 0.00042946665000728187, 0.0005329605338020433]$0.01259545884205516
282$[-1, 747, 1587, 811, 1594, 874, 1597, 1066, -2]$9$[0.0013503214099973293, 0.002793787423867925, 0.0010949667941587248, 0.003365604005583071, 0.0013298181557258877, 0.0017611379098029295, 0.0004077476076879501, 0.0005329605338020433]$0.01263634384062586
283$[-1, 747, 1587, 811, 1594, 874, 1597, 1066, -2]$9$[0.0013503214099973293, 0.0028073330878492435, 0.0011219389335522148, 0.003384532698793579, 0.0013051201355403685, 0.0017893760129537616, 0.000386398545923085, 0.0005329605338020433]$0.012677981358411625
284$[-1, 747, 1587, 811, 1594, 874, 1597, 1066, -2]$9$[0.0013503214099973293, 0.002821021330287694, 0.001148896055704821, 0.0034035466386125577, 0.001280593621852905, 0.0018176154425745582, 0.0003654844995758629, 0.0005329605338020433]$0.01272043953240777
285$[-1, 747, 1587, 811, 1594, 874, 1597, 1066, -2]$9$[0.0013503214099973293, 0.002834849510907728, 0.001175837930156122, 0.003422643958019587, 0.0012562478492258815, 0.0018458555361966153, 0.000345084771254159, 0.0005329605338020433]$0.012763801499559465
286$[-1, 747, 1585, 746, 1592, 810, 1596, 1066, -2]$9$[0.0013503214099973293, 0.002055177243998509, 0.0011665528158696025, 0.0029116814343577587, 0.0013968488581241531, 0.0029606316116266795, 0.0003221030067458218, 0.0005329605338020433]$0.012696276914521897
287$[-1, 747, 1585, 746, 1592, 810, 1596, 1066, -2]$9$[0.0013503214099973293, 0.0020775726347997295, 0.0011536679950457642, 0.0029303223510470404, 0.0014251938647345005, 0.002986916918853526, 0.0003192020161443382, 0.0005329605338020433]$0.01277615772442427
288$[-1, 747, 1585, 746, 1592, 810, 1596, 1066, -2]$9$[0.0013503214099973293, 0.0021000147005331626, 0.0011412877483900864, 0.0029490741872665233, 0.001453528016947814, 0.0030132219010263147, 0.0003182425868023474, 0.0005329605338020433]$0.01285865108476562
289$[-1, 747, 1585, 746, 1588, 745, 1593, 809, 1596, 1066, -2]$11$[0.0016626016044357867, 0.002122501189936888, 0.0011294272963364895, 0.0021325936427087694, 0.0017739354203069222, 0.002205179446550672, 0.00023049471691424016, 0.0011469780326932295, 0.0003192424000017879, 0.00021952938620439007]$0.012942483136089176
290$[-1, 747, 1585, 746, 1588, 745, 1593, 809, 1596, 1066, -2]$11$[0.0016626016044357867, 0.0021450299429702454, 0.0011181017928994928, 0.002152455076202264, 0.0017588864148247773, 0.002216167964638338, 0.0002400409192676034, 0.0011533390557647218, 0.00032218338488438877, 0.00021952938620439007]$0.012988335542092007
291$[-1, 747, 1587, 811, 1594, 874, 1597, 1066, -2]$9$[0.0016626016044357867, 0.002920613305103245, 0.0013371582058878894, 0.0035388786205086346, 0.0011145745839261192, 0.002015277468950103, 0.0002407025516045977, 0.00021952938620439007]$0.013049335726620766
292$[-1, 747, 1587, 811, 1594, 874, 1597, 1066, -2]$9$[0.0016626016044357867, 0.002935349720117662, 0.0013639882474199277, 0.0035585101838888607, 0.0010918140536893782, 0.0020435065737752773, 0.0002281498541519538, 0.00021952938620439007]$0.013103449623683237
293$[-1, 747, 1587, 811, 1594, 874, 1597, 1066, -2]$9$[0.0016626016044357867, 0.002950206075290013, 0.0013908017316355563, 0.003578211402112191, 0.0010693362682628017, 0.0020717322209180275, 0.0002177096032237935, 0.00021952938620439007]$0.01316012829208256
294$[-1, 747, 1587, 811, 1594, 1131, 1597, 1066, -2]$9$[0.0016626016044357867, 0.0029651800164964487, 0.0014175985413823176, 0.0035979807030723857, 0.0006635263204435711, 0.0024699506987986963, 0.00020969780967078193, 0.00021952938620439007]$0.013206065080504377
295$[-1, 747, 1587, 811, 1594, 1131, 1597, 1066, -2]$9$[0.0016626016044357867, 0.002980269222688318, 0.0014443785666695347, 0.0036178165447538486, 0.0006401370341616803, 0.002484905864575232, 0.00020440048799476426, 0.00021952938620439007]$0.013254038711483555
296$[-1, 747, 1587, 811, 1594, 874, 1597, 1066, -2]$9$[0.0016626016044357867, 0.002995471405933466, 0.001471141704038097, 0.003637717414727535, 0.0010037777662353397, 0.0021563845161657606, 0.0002020315211836596, 0.00021952938620439007]$0.013348655318924034
297$[-1, 747, 1587, 811, 1590, 1195, 1598, 1066, -2]$9$[0.0016626016044357867, 0.0030107843114501815, 0.0014978878559872098, 0.0016479508176051954, 0.00037950293108266446, 0.003499347239352971, 0.0014698831427501244, 0.00021952938620439007]$0.013387487288868523
298$[-1, 747, 1587, 811, 1590, 1195, 1598, 1066, -2]$9$[0.0016626016044357867, 0.0030262057176480154, 0.001524616930371978, 0.0016696404166610095, 0.0003579565779355466, 0.0034965002916998275, 0.0014450322889771655, 0.00021952938620439007]$0.013402083213933717
299$[-1, 747, 1587, 811, 1590, 1195, 1598, 1066, -2]$9$[0.0016626016044357867, 0.0030417334360366933, 0.0015513288400707604, 0.0016914514696845643, 0.00033648002434999175, 0.003493770621713272, 0.001420181010956552, 0.00021952938620439007]$0.01341707639345201
300$[-1, 747, 1587, 1194, 1593, 809, 1597, 1066, -2]$9$[0.0016626016044357867, 0.0030573653112138787, 0.001475429540693582, 0.003276444938183274, 0.000446642204704875, 0.0018099324982815395, 0.00022198016701262358, 0.00021952938620439007]$0.01216992565072995
301$[-1, 747, 1587, 1194, 1593, 809, 1597, 1066, -2]$9$[0.0016626016044357867, 0.0030730992207509563, 0.0014542096231761395, 0.003278946414713813, 0.0004725624769497345, 0.0018220825184601214, 0.00023338313161874868, 0.00021952938620439007]$0.01221641437630969
302$[-1, 747, 1587, 1194, 1593, 809, 1597, 1066, -2]$9$[0.0016626016044357867, 0.003088933075067508, 0.0014329894645830493, 0.0032815657985913542, 0.0004988823787796647, 0.001834612399831098, 0.000246762013730029, 0.00021952938620439007]$0.012265876121222881
303$[-1, 747, 1587, 1194, 1593, 809, 1597, 1066, -2]$9$[0.0016626016044357867, 0.0031048648173103805, 0.00141176950007419, 0.0032843029888633027, 0.0005255394146714673, 0.0018475137077360907, 0.0002618142199881495, 0.00021952938620439007]$0.012317935639283756
304$[-1, 747, 1587, 1194, 1593, 809, 1597, 1066, -2]$9$[0.0016626016044357867, 0.0031208924231135144, 0.0013905501911237242, 0.0032871578720340367, 0.0005524824455136759, 0.0018607780141533465, 0.0002782684694304905, 0.00021952938620439007]$0.012372260406008966
305$[-1, 1258, 1587, 1194, 1593, 809, 1596, 873, -2]$9$[0.002003664366848119, 0.0029482492790383337, 0.0013693320274966178, 0.003290130322350318, 0.0005796693572640364, 0.001325460614387542, 0.00038902032745282127, 0.00032391162281312466]$0.012229437917650911
